android/app/build/outputs/logs/manifest-merger-debug-report.txt
-- Merging decision tree log ---
manifest
ADDED from src/main/AndroidManifest.xml:2:1-341:12
INJECTED from src/main/AndroidManifest.xml:2:1-341:12
INJECTED from src/main/AndroidManifest.xml:2:1-341:12
INJECTED from src/main/AndroidManifest.xml:2:1-341:12
MERGED from src/main/AndroidManifest.xml:2:1-341:12
MERGED from [:file_picker] AndroidManifest.xml:2:1-21:12
MERGED from [:flutter_plugin_android_lifecycle] AndroidManifest.xml:2:1-9:12
MERGED from [:audio_service] AndroidManifest.xml:2:1-9:12
MERGED from [:sqflite] AndroidManifest.xml:2:1-9:12
MERGED from [:admob_flutter] AndroidManifest.xml:2:1-11:12
MERGED from [:url_launcher_android] AndroidManifest.xml:2:1-16:12
MERGED from [:path_provider_android] AndroidManifest.xml:2:1-9:12
MERGED from [:on_audio_query_android] AndroidManifest.xml:2:1-9:12
MERGED from [:audiotagger] AndroidManifest.xml:2:1-9:12
MERGED from [:connectivity_plus] AndroidManifest.xml:2:1-11:12
MERGED from [:receive_sharing_intent] AndroidManifest.xml:2:1-9:12
MERGED from [:google_mobile_ads] AndroidManifest.xml:2:1-17:12
MERGED from [:webview_flutter_android] AndroidManifest.xml:2:1-9:12
MERGED from [:just_audio] AndroidManifest.xml:2:1-9:12
MERGED from [:app_links] AndroidManifest.xml:2:1-9:12
MERGED from [:permission_handler_android] AndroidManifest.xml:2:1-9:12
MERGED from [:flutter_archive] AndroidManifest.xml:2:1-9:12
MERGED from [:share_plus] AndroidManifest.xml:2:1-37:12
MERGED from [:metadata_god] AndroidManifest.xml:2:1-9:12
MERGED from [:flutter_displaymode] AndroidManifest.xml:2:1-9:12
MERGED from [:package_info_plus] AndroidManifest.xml:2:1-9:12
MERGED from [:device_info_plus] AndroidManifest.xml:2:1-9:12
MERGED from [:audio_session] AndroidManifest.xml:2:1-9:12
MERGED from [androidx.databinding:viewbinding:7.1.3] AndroidManifest.xml:17:1-24:12
MERGED from [androidx.multidex:multidex:2.0.0] AndroidManifest.xml:17:1-22:12
MERGED from [com.google.firebase:firebase-ads:19.1.0] AndroidManifest.xml:2:1-9:12
MERGED from [com.google.firebase:firebase-analytics:17.2.2] AndroidManifest.xml:2:1-9:12
MERGED from [com.google.android.gms:play-services-measurement-api:17.2.2] AndroidManifest.xml:17:1-36:12
MERGED from [androidx.window:window-java:1.0.0-beta04] AndroidManifest.xml:17:1-23:12
MERGED from [com.google.android.gms:play-services-ads:22.5.0] AndroidManifest.xml:17:1-25:12
MERGED from [androidx.privacysandbox.ads:ads-adservices-java:1.0.0-beta05] AndroidManifest.xml:2:1-7:12
MERGED from [androidx.privacysandbox.ads:ads-adservices:1.0.0-beta05] AndroidManifest.xml:17:1-28:12
MERGED from [androidx.media2:media2-session:1.2.1] AndroidManifest.xml:17:1-36:12
MERGED from [androidx.media2:media2-common:1.2.1] AndroidManifest.xml:17:1-24:12
MERGED from [androidx.media:media:1.6.0] AndroidManifest.xml:17:1-24:12
MERGED from [androidx.browser:browser:1.5.0] AndroidManifest.xml:17:1-22:12
MERGED from [androidx.webkit:webkit:1.7.0] AndroidManifest.xml:17:1-22:12
MERGED from [com.google.android.exoplayer:exoplayer-dash:2.18.7] AndroidManifest.xml:17:1-24:12
MERGED from [com.google.android.exoplayer:exoplayer-hls:2.18.7] AndroidManifest.xml:17:1-24:12
MERGED from [com.google.android.exoplayer:exoplayer-smoothstreaming:2.18.7] AndroidManifest.xml:17:1-24:12
MERGED from [com.google.android.exoplayer:exoplayer-core:2.18.7] AndroidManifest.xml:17:1-26:12
MERGED from [androidx.constraintlayout:constraintlayout:2.1.4] AndroidManifest.xml:2:1-11:12
MERGED from [androidx.core:core-ktx:1.10.1] AndroidManifest.xml:2:1-7:12
MERGED from [com.google.firebase:firebase-iid:20.0.2] AndroidManifest.xml:17:1-47:12
MERGED from [com.google.android.gms:play-services-measurement:20.1.2] AndroidManifest.xml:17:1-46:12
MERGED from [com.google.android.gms:play-services-measurement-sdk:17.2.2] AndroidManifest.xml:17:1-25:12
MERGED from [com.google.android.gms:play-services-measurement-impl:20.1.2] AndroidManifest.xml:17:1-32:12
MERGED from [com.google.android.gms:play-services-stats:17.0.2] AndroidManifest.xml:2:1-9:12
MERGED from [androidx.legacy:legacy-support-core-utils:1.0.0] AndroidManifest.xml:17:1-22:12
MERGED from [com.google.android.gms:play-services-ads-lite:22.5.0] AndroidManifest.xml:17:1-87:12
MERGED from [com.google.android.ump:user-messaging-platform:2.1.0] AndroidManifest.xml:2:1-7:12
MERGED from [com.google.firebase:firebase-common:19.3.0] AndroidManifest.xml:15:1-39:12
MERGED from [com.google.firebase:firebase-measurement-connector:18.0.0] AndroidManifest.xml:17:1-25:12
MERGED from [com.google.android.gms:play-services-measurement-sdk-api:20.1.2] AndroidManifest.xml:17:1-28:12
MERGED from [com.google.android.gms:play-services-measurement-base:20.1.2] AndroidManifest.xml:2:1-9:12
MERGED from [com.google.android.gms:play-services-ads-identifier:18.0.0] AndroidManifest.xml:17:1-27:12
MERGED from [com.google.android.gms:play-services-appset:16.0.1] AndroidManifest.xml:2:1-9:12
MERGED from [com.google.firebase:firebase-iid-interop:17.0.0] AndroidManifest.xml:2:1-10:12
MERGED from [com.google.android.gms:play-services-base:18.0.0] AndroidManifest.xml:16:1-24:12
MERGED from [com.google.android.gms:play-services-tasks:18.0.1] AndroidManifest.xml:2:1-6:12
MERGED from [com.google.android.gms:play-services-ads-base:22.5.0] AndroidManifest.xml:2:1-9:12
MERGED from [com.google.android.gms:play-services-basement:18.2.0] AndroidManifest.xml:16:1-26:12
MERGED from [androidx.appcompat:appcompat:1.2.0] AndroidManifest.xml:17:1-24:12
MERGED from [androidx.fragment:fragment:1.1.0] AndroidManifest.xml:17:1-24:12
MERGED from [androidx.loader:loader:1.0.0] AndroidManifest.xml:17:1-22:12
MERGED from [androidx.viewpager:viewpager:1.0.0] AndroidManifest.xml:17:1-22:12
MERGED from [androidx.activity:activity:1.0.0] AndroidManifest.xml:17:1-24:12
MERGED from [androidx.window:window:1.0.0-beta04] AndroidManifest.xml:17:1-33:12
MERGED from [androidx.work:work-runtime:2.7.0] AndroidManifest.xml:17:1-145:12
MERGED from [androidx.appcompat:appcompat-resources:1.2.0] AndroidManifest.xml:17:1-24:12
MERGED from [androidx.drawerlayout:drawerlayout:1.0.0] AndroidManifest.xml:17:1-22:12
MERGED from [androidx.customview:customview:1.0.0] AndroidManifest.xml:17:1-22:12
MERGED from [androidx.vectordrawable:vectordrawable-animated:1.1.0] AndroidManifest.xml:17:1-24:12
MERGED from [androidx.vectordrawable:vectordrawable:1.1.0] AndroidManifest.xml:17:1-24:12
MERGED from [androidx.core:core:1.10.1] AndroidManifest.xml:17:1-30:12
MERGED from [androidx.lifecycle:lifecycle-livedata-core:2.6.2] AndroidManifest.xml:17:1-22:12
MERGED from [androidx.lifecycle:lifecycle-service:2.6.2] AndroidManifest.xml:17:1-22:12
MERGED from [androidx.lifecycle:lifecycle-livedata:2.6.2] AndroidManifest.xml:17:1-22:12
MERGED from [androidx.lifecycle:lifecycle-viewmodel:2.6.2] AndroidManifest.xml:17:1-22:12
MERGED from [androidx.lifecycle:lifecycle-viewmodel-ktx:2.6.2] AndroidManifest.xml:17:1-22:12
MERGED from [androidx.lifecycle:lifecycle-runtime:2.6.2] AndroidManifest.xml:2:1-7:12
MERGED from [androidx.lifecycle:lifecycle-process:2.6.2] AndroidManifest.xml:17:1-35:12
MERGED from [androidx.savedstate:savedstate:1.0.0] AndroidManifest.xml:17:1-24:12
MERGED from [com.google.firebase:firebase-components:16.0.0] AndroidManifest.xml:15:1-23:12
MERGED from [androidx.profileinstaller:profileinstaller:1.3.0] AndroidManifest.xml:17:1-55:12
MERGED from [androidx.startup:startup-runtime:1.1.1] AndroidManifest.xml:17:1-33:12
MERGED from [androidx.tracing:tracing:1.0.0] AndroidManifest.xml:17:1-24:12
MERGED from [androidx.versionedparcelable:versionedparcelable:1.1.1] AndroidManifest.xml:17:1-27:12
MERGED from [androidx.interpolator:interpolator:1.0.0] AndroidManifest.xml:17:1-22:12
MERGED from [com.google.android.exoplayer:exoplayer-datasource:2.18.7] AndroidManifest.xml:17:1-24:12
MERGED from [com.google.android.exoplayer:exoplayer-extractor:2.18.7] AndroidManifest.xml:17:1-24:12
MERGED from [com.google.android.exoplayer:exoplayer-decoder:2.18.7] AndroidManifest.xml:17:1-24:12
MERGED from [com.google.android.exoplayer:exoplayer-database:2.18.7] AndroidManifest.xml:17:1-24:12
MERGED from [com.google.android.exoplayer:exoplayer-common:2.18.7] AndroidManifest.xml:17:1-26:12
MERGED from [androidx.documentfile:documentfile:1.0.0] AndroidManifest.xml:17:1-22:12
MERGED from [androidx.localbroadcastmanager:localbroadcastmanager:1.0.0] AndroidManifest.xml:17:1-22:12
MERGED from [androidx.print:print:1.0.0] AndroidManifest.xml:17:1-22:12
MERGED from [androidx.cursoradapter:cursoradapter:1.0.0] AndroidManifest.xml:17:1-22:12
MERGED from [androidx.room:room-runtime:2.2.5] AndroidManifest.xml:17:1-31:12
MERGED from [androidx.arch.core:core-runtime:2.2.0] AndroidManifest.xml:17:1-22:12
MERGED from [androidx.sqlite:sqlite-framework:2.1.0] AndroidManifest.xml:17:1-24:12
MERGED from [androidx.sqlite:sqlite:2.1.0] AndroidManifest.xml:17:1-24:12
MERGED from [org.microg:safe-parcel:1.7.0] AndroidManifest.xml:6:1-14:12
MERGED from [androidx.annotation:annotation-experimental:1.3.0] AndroidManifest.xml:17:1-22:12
INJECTED from src/debug/AndroidManifest.xml:1:1-7:12
INJECTED from src/debug/AndroidManifest.xml:1:1-7:12
INJECTED from src/debug/AndroidManifest.xml:1:1-7:12
	package
		ADDED from src/main/AndroidManifest.xml:3:5-36
		INJECTED from src/main/AndroidManifest.xml
		INJECTED from src/debug/AndroidManifest.xml
	android:versionName
		INJECTED from src/main/AndroidManifest.xml
		ADDED from src/main/AndroidManifest.xml:2:1-341:12
		INJECTED from src/debug/AndroidManifest.xml
	android:versionCode
		INJECTED from src/main/AndroidManifest.xml
		ADDED from src/main/AndroidManifest.xml:2:1-341:12
		INJECTED from src/debug/AndroidManifest.xml
	xmlns:android
		ADDED from src/main/AndroidManifest.xml:2:11-69
uses-permission#android.permission.WRITE_EXTERNAL_STORAGE
ADDED from src/main/AndroidManifest.xml:5:5-81
	android:name
		ADDED from src/main/AndroidManifest.xml:5:22-78
uses-permission#android.permission.READ_EXTERNAL_STORAGE
ADDED from src/main/AndroidManifest.xml:6:5-80
MERGED from [:file_picker] AndroidManifest.xml:9:5-11:38
MERGED from [:file_picker] AndroidManifest.xml:9:5-11:38
	android:maxSdkVersion
		ADDED from [:file_picker] AndroidManifest.xml:11:9-35
	android:name
		ADDED from src/main/AndroidManifest.xml:6:22-77
uses-permission#android.permission.MANAGE_EXTERNAL_STORAGE
ADDED from src/main/AndroidManifest.xml:7:5-9:38
	android:minSdkVersion
		ADDED from src/main/AndroidManifest.xml:9:9-35
	android:name
		ADDED from src/main/AndroidManifest.xml:8:9-66
uses-permission#android.permission.INTERNET
ADDED from src/main/AndroidManifest.xml:10:5-67
MERGED from src/main/AndroidManifest.xml:10:5-67
MERGED from src/main/AndroidManifest.xml:10:5-67
MERGED from [:admob_flutter] AndroidManifest.xml:9:5-67
MERGED from [:admob_flutter] AndroidManifest.xml:9:5-67
MERGED from [:google_mobile_ads] AndroidManifest.xml:9:5-67
MERGED from [:google_mobile_ads] AndroidManifest.xml:9:5-67
MERGED from [com.google.android.gms:play-services-measurement-api:17.2.2] AndroidManifest.xml:22:5-67
MERGED from [com.google.android.gms:play-services-measurement-api:17.2.2] AndroidManifest.xml:22:5-67
MERGED from [com.google.firebase:firebase-iid:20.0.2] AndroidManifest.xml:23:5-67
MERGED from [com.google.firebase:firebase-iid:20.0.2] AndroidManifest.xml:23:5-67
MERGED from [com.google.android.gms:play-services-measurement:20.1.2] AndroidManifest.xml:23:5-67
MERGED from [com.google.android.gms:play-services-measurement:20.1.2] AndroidManifest.xml:23:5-67
MERGED from [com.google.android.gms:play-services-measurement-impl:20.1.2] AndroidManifest.xml:23:5-67
MERGED from [com.google.android.gms:play-services-measurement-impl:20.1.2] AndroidManifest.xml:23:5-67
MERGED from [com.google.android.gms:play-services-ads-lite:22.5.0] AndroidManifest.xml:24:5-67
MERGED from [com.google.android.gms:play-services-ads-lite:22.5.0] AndroidManifest.xml:24:5-67
MERGED from [com.google.android.gms:play-services-measurement-sdk-api:20.1.2] AndroidManifest.xml:23:5-67
MERGED from [com.google.android.gms:play-services-measurement-sdk-api:20.1.2] AndroidManifest.xml:23:5-67
	android:name
		ADDED from src/main/AndroidManifest.xml:10:22-64
uses-permission#android.permission.WAKE_LOCK
ADDED from src/main/AndroidManifest.xml:11:5-68
MERGED from [com.google.android.gms:play-services-measurement-api:17.2.2] AndroidManifest.xml:24:5-68
MERGED from [com.google.android.gms:play-services-measurement-api:17.2.2] AndroidManifest.xml:24:5-68
MERGED from [com.google.firebase:firebase-iid:20.0.2] AndroidManifest.xml:24:5-68
MERGED from [com.google.firebase:firebase-iid:20.0.2] AndroidManifest.xml:24:5-68
MERGED from [com.google.android.gms:play-services-measurement:20.1.2] AndroidManifest.xml:25:5-68
MERGED from [com.google.android.gms:play-services-measurement:20.1.2] AndroidManifest.xml:25:5-68
MERGED from [com.google.android.gms:play-services-measurement-impl:20.1.2] AndroidManifest.xml:25:5-68
MERGED from [com.google.android.gms:play-services-measurement-impl:20.1.2] AndroidManifest.xml:25:5-68
MERGED from [com.google.android.gms:play-services-measurement-sdk-api:20.1.2] AndroidManifest.xml:25:5-68
MERGED from [com.google.android.gms:play-services-measurement-sdk-api:20.1.2] AndroidManifest.xml:25:5-68
MERGED from [androidx.work:work-runtime:2.7.0] AndroidManifest.xml:25:5-68
MERGED from [androidx.work:work-runtime:2.7.0] AndroidManifest.xml:25:5-68
	android:name
		ADDED from src/main/AndroidManifest.xml:11:22-65
uses-permission#android.permission.FOREGROUND_SERVICE
ADDED from src/main/AndroidManifest.xml:12:5-77
MERGED from [androidx.work:work-runtime:2.7.0] AndroidManifest.xml:28:5-77
MERGED from [androidx.work:work-runtime:2.7.0] AndroidManifest.xml:28:5-77
	android:name
		ADDED from src/main/AndroidManifest.xml:12:22-74
application
ADDED from src/main/AndroidManifest.xml:14:5-339:19
MERGED from [:url_launcher_android] AndroidManifest.xml:9:5-14:19
MERGED from [:url_launcher_android] AndroidManifest.xml:9:5-14:19
MERGED from [:google_mobile_ads] AndroidManifest.xml:11:5-15:19
MERGED from [:google_mobile_ads] AndroidManifest.xml:11:5-15:19
MERGED from [:share_plus] AndroidManifest.xml:9:5-35:19
MERGED from [:share_plus] AndroidManifest.xml:9:5-35:19
MERGED from [com.google.firebase:firebase-ads:19.1.0] AndroidManifest.xml:7:5-20
MERGED from [com.google.firebase:firebase-ads:19.1.0] AndroidManifest.xml:7:5-20
MERGED from [com.google.firebase:firebase-analytics:17.2.2] AndroidManifest.xml:7:5-20
MERGED from [com.google.firebase:firebase-analytics:17.2.2] AndroidManifest.xml:7:5-20
MERGED from [com.google.android.gms:play-services-measurement-api:17.2.2] AndroidManifest.xml:26:5-34:19
MERGED from [com.google.android.gms:play-services-measurement-api:17.2.2] AndroidManifest.xml:26:5-34:19
MERGED from [androidx.privacysandbox.ads:ads-adservices:1.0.0-beta05] AndroidManifest.xml:22:5-26:19
MERGED from [androidx.privacysandbox.ads:ads-adservices:1.0.0-beta05] AndroidManifest.xml:22:5-26:19
MERGED from [androidx.constraintlayout:constraintlayout:2.1.4] AndroidManifest.xml:9:5-20
MERGED from [androidx.constraintlayout:constraintlayout:2.1.4] AndroidManifest.xml:9:5-20
MERGED from [com.google.firebase:firebase-iid:20.0.2] AndroidManifest.xml:28:5-45:19
MERGED from [com.google.firebase:firebase-iid:20.0.2] AndroidManifest.xml:28:5-45:19
MERGED from [com.google.android.gms:play-services-measurement:20.1.2] AndroidManifest.xml:28:5-44:19
MERGED from [com.google.android.gms:play-services-measurement:20.1.2] AndroidManifest.xml:28:5-44:19
MERGED from [com.google.android.gms:play-services-measurement-sdk:17.2.2] AndroidManifest.xml:22:5-23:19
MERGED from [com.google.android.gms:play-services-measurement-sdk:17.2.2] AndroidManifest.xml:22:5-23:19
MERGED from [com.google.android.gms:play-services-measurement-impl:20.1.2] AndroidManifest.xml:29:5-30:19
MERGED from [com.google.android.gms:play-services-measurement-impl:20.1.2] AndroidManifest.xml:29:5-30:19
MERGED from [com.google.android.gms:play-services-stats:17.0.2] AndroidManifest.xml:7:5-20
MERGED from [com.google.android.gms:play-services-stats:17.0.2] AndroidManifest.xml:7:5-20
MERGED from [com.google.android.gms:play-services-ads-lite:22.5.0] AndroidManifest.xml:53:5-85:19
MERGED from [com.google.android.gms:play-services-ads-lite:22.5.0] AndroidManifest.xml:53:5-85:19
MERGED from [com.google.firebase:firebase-common:19.3.0] AndroidManifest.xml:25:5-37:19
MERGED from [com.google.firebase:firebase-common:19.3.0] AndroidManifest.xml:25:5-37:19
MERGED from [com.google.firebase:firebase-measurement-connector:18.0.0] AndroidManifest.xml:22:5-23:19
MERGED from [com.google.firebase:firebase-measurement-connector:18.0.0] AndroidManifest.xml:22:5-23:19
MERGED from [com.google.android.gms:play-services-measurement-base:20.1.2] AndroidManifest.xml:7:5-20
MERGED from [com.google.android.gms:play-services-measurement-base:20.1.2] AndroidManifest.xml:7:5-20
MERGED from [com.google.android.gms:play-services-ads-identifier:18.0.0] AndroidManifest.xml:25:5-20
MERGED from [com.google.android.gms:play-services-ads-identifier:18.0.0] AndroidManifest.xml:25:5-20
MERGED from [com.google.android.gms:play-services-appset:16.0.1] AndroidManifest.xml:7:5-20
MERGED from [com.google.android.gms:play-services-appset:16.0.1] AndroidManifest.xml:7:5-20
MERGED from [com.google.firebase:firebase-iid-interop:17.0.0] AndroidManifest.xml:7:5-8:19
MERGED from [com.google.firebase:firebase-iid-interop:17.0.0] AndroidManifest.xml:7:5-8:19
MERGED from [com.google.android.gms:play-services-base:18.0.0] AndroidManifest.xml:19:5-23:19
MERGED from [com.google.android.gms:play-services-base:18.0.0] AndroidManifest.xml:19:5-23:19
MERGED from [com.google.android.gms:play-services-tasks:18.0.1] AndroidManifest.xml:5:5-20
MERGED from [com.google.android.gms:play-services-tasks:18.0.1] AndroidManifest.xml:5:5-20
MERGED from [com.google.android.gms:play-services-ads-base:22.5.0] AndroidManifest.xml:7:5-20
MERGED from [com.google.android.gms:play-services-ads-base:22.5.0] AndroidManifest.xml:7:5-20
MERGED from [com.google.android.gms:play-services-basement:18.2.0] AndroidManifest.xml:20:5-24:19
MERGED from [com.google.android.gms:play-services-basement:18.2.0] AndroidManifest.xml:20:5-24:19
MERGED from [androidx.window:window:1.0.0-beta04] AndroidManifest.xml:24:5-31:19
MERGED from [androidx.window:window:1.0.0-beta04] AndroidManifest.xml:24:5-31:19
MERGED from [androidx.work:work-runtime:2.7.0] AndroidManifest.xml:30:5-143:19
MERGED from [androidx.work:work-runtime:2.7.0] AndroidManifest.xml:30:5-143:19
MERGED from [androidx.core:core:1.10.1] AndroidManifest.xml:28:5-89
MERGED from [androidx.core:core:1.10.1] AndroidManifest.xml:28:5-89
MERGED from [androidx.lifecycle:lifecycle-process:2.6.2] AndroidManifest.xml:23:5-33:19
MERGED from [androidx.lifecycle:lifecycle-process:2.6.2] AndroidManifest.xml:23:5-33:19
MERGED from [androidx.profileinstaller:profileinstaller:1.3.0] AndroidManifest.xml:23:5-53:19
MERGED from [androidx.profileinstaller:profileinstaller:1.3.0] AndroidManifest.xml:23:5-53:19
MERGED from [androidx.startup:startup-runtime:1.1.1] AndroidManifest.xml:25:5-31:19
MERGED from [androidx.startup:startup-runtime:1.1.1] AndroidManifest.xml:25:5-31:19
MERGED from [androidx.versionedparcelable:versionedparcelable:1.1.1] AndroidManifest.xml:24:5-25:19
MERGED from [androidx.versionedparcelable:versionedparcelable:1.1.1] AndroidManifest.xml:24:5-25:19
MERGED from [androidx.room:room-runtime:2.2.5] AndroidManifest.xml:24:5-29:19
MERGED from [androidx.room:room-runtime:2.2.5] AndroidManifest.xml:24:5-29:19
	android:requestLegacyExternalStorage
		ADDED from src/main/AndroidManifest.xml:18:9-52
	android:appComponentFactory
		ADDED from [androidx.core:core:1.10.1] AndroidManifest.xml:28:18-86
	android:label
		ADDED from src/main/AndroidManifest.xml:16:9-34
	android:icon
		ADDED from src/main/AndroidManifest.xml:15:9-43
	android:usesCleartextTraffic
		ADDED from src/main/AndroidManifest.xml:17:9-44
meta-data#com.google.android.gms.car.application
ADDED from src/main/AndroidManifest.xml:20:9-22:59
	android:resource
		ADDED from src/main/AndroidManifest.xml:22:13-56
	android:name
		ADDED from src/main/AndroidManifest.xml:21:13-66
meta-data#com.google.android.gms.ads.APPLICATION_ID
ADDED from src/main/AndroidManifest.xml:23:9-25:69
	android:value
		ADDED from src/main/AndroidManifest.xml:25:13-67
	android:name
		ADDED from src/main/AndroidManifest.xml:24:13-69
receiver#com.appware.cloudSpot.BlackHoleMusicWidget
ADDED from src/main/AndroidManifest.xml:27:9-37:20
	android:exported
		ADDED from src/main/AndroidManifest.xml:29:13-36
	android:name
		ADDED from src/main/AndroidManifest.xml:28:13-49
intent-filter#action:name:android.appwidget.action.APPWIDGET_UPDATE
ADDED from src/main/AndroidManifest.xml:30:13-32:29
action#android.appwidget.action.APPWIDGET_UPDATE
ADDED from src/main/AndroidManifest.xml:31:17-84
	android:name
		ADDED from src/main/AndroidManifest.xml:31:25-81
meta-data#android.appwidget.provider
ADDED from src/main/AndroidManifest.xml:34:13-36:72
	android:resource
		ADDED from src/main/AndroidManifest.xml:36:17-69
	android:name
		ADDED from src/main/AndroidManifest.xml:35:17-58
activity#com.ryanheise.audioservice.AudioServiceActivity
ADDED from src/main/AndroidManifest.xml:39:9-303:20
	android:launchMode
		ADDED from src/main/AndroidManifest.xml:44:13-44
	android:hardwareAccelerated
		ADDED from src/main/AndroidManifest.xml:43:13-47
	android:windowSoftInputMode
		ADDED from src/main/AndroidManifest.xml:46:13-55
	android:exported
		ADDED from src/main/AndroidManifest.xml:42:13-36
	android:configChanges
		ADDED from src/main/AndroidManifest.xml:41:13-163
	android:theme
		ADDED from src/main/AndroidManifest.xml:45:13-47
	android:name
		ADDED from src/main/AndroidManifest.xml:40:13-75
meta-data#io.flutter.embedding.android.NormalTheme
ADDED from src/main/AndroidManifest.xml:54:13-56:57
	android:resource
		ADDED from src/main/AndroidManifest.xml:56:17-54
	android:name
		ADDED from src/main/AndroidManifest.xml:55:17-72
meta-data#io.flutter.embedding.android.SplashScreenDrawable
ADDED from src/main/AndroidManifest.xml:64:13-66:66
	android:resource
		ADDED from src/main/AndroidManifest.xml:66:17-63
	android:name
		ADDED from src/main/AndroidManifest.xml:65:17-81
intent-filter#action:name:android.intent.action.MAIN+action:name:android.intent.action.MUSIC_PLAYER+category:name:android.intent.category.APP_MUSIC+category:name:android.intent.category.DEFAULT+category:name:android.intent.category.LAUNCHER
ADDED from src/main/AndroidManifest.xml:68:13-75:29
action#android.intent.action.MAIN
ADDED from src/main/AndroidManifest.xml:69:17-69
	android:name
		ADDED from src/main/AndroidManifest.xml:69:25-66
action#android.intent.action.MUSIC_PLAYER
ADDED from src/main/AndroidManifest.xml:70:17-77
	android:name
		ADDED from src/main/AndroidManifest.xml:70:25-74
category#android.intent.category.LAUNCHER
ADDED from src/main/AndroidManifest.xml:72:17-77
	android:name
		ADDED from src/main/AndroidManifest.xml:72:27-74
category#android.intent.category.APP_MUSIC
ADDED from src/main/AndroidManifest.xml:73:17-78
	android:name
		ADDED from src/main/AndroidManifest.xml:73:27-75
category#android.intent.category.DEFAULT
ADDED from src/main/AndroidManifest.xml:74:17-76
	android:name
		ADDED from src/main/AndroidManifest.xml:74:27-73
meta-data#flutter_deeplinking_enabled
ADDED from src/main/AndroidManifest.xml:78:13-80:40
	android:value
		ADDED from src/main/AndroidManifest.xml:80:17-37
	android:name
		ADDED from src/main/AndroidManifest.xml:79:17-59
intent-filter#action:name:android.intent.action.VIEW+category:name:android.intent.category.BROWSABLE+category:name:android.intent.category.DEFAULT+data:scheme:blackhole
ADDED from src/main/AndroidManifest.xml:82:13-89:29
	android:autoVerify
		ADDED from src/main/AndroidManifest.xml:82:28-53
action#android.intent.action.VIEW
ADDED from src/main/AndroidManifest.xml:83:17-69
	android:name
		ADDED from src/main/AndroidManifest.xml:83:25-66
category#android.intent.category.BROWSABLE
ADDED from src/main/AndroidManifest.xml:86:17-78
	android:name
		ADDED from src/main/AndroidManifest.xml:86:27-75
data
ADDED from src/main/AndroidManifest.xml:88:17-52
	android:scheme
		ADDED from src/main/AndroidManifest.xml:88:23-49
intent-filter#action:name:android.intent.action.VIEW+category:name:android.intent.category.BROWSABLE+category:name:android.intent.category.DEFAULT+data:host:blackhole+data:pathPrefix:/play+data:scheme:app
ADDED from src/main/AndroidManifest.xml:90:13-100:29
	android:autoVerify
		ADDED from src/main/AndroidManifest.xml:90:28-53
intent-filter#action:name:android.intent.action.VIEW+category:name:android.intent.category.BROWSABLE+category:name:android.intent.category.DEFAULT+data:host:jiosaavn.com+data:host:www.jiosaavn.com+data:scheme:http+data:scheme:https
ADDED from src/main/AndroidManifest.xml:101:13-111:29
	android:autoVerify
		ADDED from src/main/AndroidManifest.xml:101:28-53
intent-filter#action:name:android.intent.action.VIEW+category:name:android.intent.category.BROWSABLE+category:name:android.intent.category.DEFAULT+data:host:*spotify.com+data:scheme:https
ADDED from src/main/AndroidManifest.xml:112:13-120:29
	android:autoVerify
		ADDED from src/main/AndroidManifest.xml:112:28-53
intent-filter#action:name:android.intent.action.VIEW+category:name:android.intent.category.BROWSABLE+category:name:android.intent.category.DEFAULT+data:host:*youtube.com+data:scheme:https
ADDED from src/main/AndroidManifest.xml:121:13-129:29
	android:autoVerify
		ADDED from src/main/AndroidManifest.xml:121:28-53
intent-filter#action:name:android.intent.action.GET_CONTENT+category:name:android.intent.category.DEFAULT+data:mimeType:audio/*
ADDED from src/main/AndroidManifest.xml:130:13-136:29
action#android.intent.action.GET_CONTENT
ADDED from src/main/AndroidManifest.xml:131:17-76
	android:name
		ADDED from src/main/AndroidManifest.xml:131:25-73
intent-filter#action:name:android.intent.action.VIEW+category:name:android.intent.category.BROWSABLE+category:name:android.intent.category.DEFAULT+data:mimeType:application/itunes+data:mimeType:application/ogg+data:mimeType:application/x-ogg+data:mimeType:audio/*+data:scheme:+data:scheme:content+data:scheme:file+data:scheme:ftp+data:scheme:ftps+data:scheme:http+data:scheme:https+data:scheme:sftp+data:scheme:smb
ADDED from src/main/AndroidManifest.xml:137:13-156:29
intent-filter#action:name:android.intent.action.VIEW+category:name:android.intent.category.BROWSABLE+category:name:android.intent.category.DEFAULT+data:host:*+data:pathPattern:.*\\.3GA+data:pathPattern:.*\\.3ga+data:pathPattern:.*\\.A52+data:pathPattern:.*\\.AAC+data:pathPattern:.*\\.AC3+data:pathPattern:.*\\.ADT+data:pathPattern:.*\\.ADTS+data:pathPattern:.*\\.AIF+data:pathPattern:.*\\.AIFC+data:pathPattern:.*\\.AIFF+data:pathPattern:.*\\.AMR+data:pathPattern:.*\\.AOB+data:pathPattern:.*\\.APE+data:pathPattern:.*\\.AWB+data:pathPattern:.*\\.CAF+data:pathPattern:.*\\.DTS+data:pathPattern:.*\\.FLAC+data:pathPattern:.*\\.IT+data:pathPattern:.*\\.M4A+data:pathPattern:.*\\.M4B+data:pathPattern:.*\\.M4P+data:pathPattern:.*\\.MID+data:pathPattern:.*\\.MKA+data:pathPattern:.*\\.MLP+data:pathPattern:.*\\.MOD+data:pathPattern:.*\\.MP1+data:pathPattern:.*\\.MP2+data:pathPattern:.*\\.MP3+data:pathPattern:.*\\.MPA+data:pathPattern:.*\\.MPC+data:pathPattern:.*\\.MPGA+data:pathPattern:.*\\.OGA+data:pathPattern:.*\\.OGG+data:pathPattern:.*\\.OMA+data:pathPattern:.*\\.OPUS+data:pathPattern:.*\\.RA+data:pathPattern:.*\\.RAM+data:pathPattern:.*\\.RMI+data:pathPattern:.*\\.S3M+data:pathPattern:.*\\.SPX+data:pathPattern:.*\\.TTA+data:pathPattern:.*\\.VOC+data:pathPattern:.*\\.VQF+data:pathPattern:.*\\.W64+data:pathPattern:.*\\.WAV+data:pathPattern:.*\\.WMA+data:pathPattern:.*\\.WV+data:pathPattern:.*\\.XA+data:pathPattern:.*\\.XM+data:pathPattern:.*\\.a52+data:pathPattern:.*\\.aac+data:pathPattern:.*\\.ac3+data:pathPattern:.*\\.adt+data:pathPattern:.*\\.adts+data:pathPattern:.*\\.aif+data:pathPattern:.*\\.aifc+data:pathPattern:.*\\.aiff+data:pathPattern:.*\\.amr+data:pathPattern:.*\\.aob+data:pathPattern:.*\\.ape+data:pathPattern:.*\\.awb+data:pathPattern:.*\\.caf+data:pathPattern:.*\\.dts+data:pathPattern:.*\\.flac+data:pathPattern:.*\\.it+data:pathPattern:.*\\.m4a+data:pathPattern:.*\\.m4b+data:pathPattern:.*\\.m4p+data:pathPattern:.*\\.mid+data:pathPattern:.*\\.mka+data:pathPattern:.*\\.mlp+data:pathPattern:.*\\.mod+data:pathPattern:.*\\.mp1+data:pathPattern:.*\\.mp2+data:pathPattern:.*\\.mp3+data:pathPattern:.*\\.mpa+data:pathPattern:.*\\.mpc+data:pathPattern:.*\\.mpga+data:pathPattern:.*\\.oga+data:pathPattern:.*\\.ogg+data:pathPattern:.*\\.oma+data:pathPattern:.*\\.opus+data:pathPattern:.*\\.ra+data:pathPattern:.*\\.ram+data:pathPattern:.*\\.rmi+data:pathPattern:.*\\.s3m+data:pathPattern:.*\\.spx+data:pathPattern:.*\\.tta+data:pathPattern:.*\\.voc+data:pathPattern:.*\\.vqf+data:pathPattern:.*\\.w64+data:pathPattern:.*\\.wav+data:pathPattern:.*\\.wma+data:pathPattern:.*\\.wv+data:pathPattern:.*\\.xa+data:pathPattern:.*\\.xm+data:scheme:+data:scheme:content+data:scheme:file+data:scheme:ftp+data:scheme:http+data:scheme:https
ADDED from src/main/AndroidManifest.xml:157:13-266:29
intent-filter#action:name:android.intent.action.SEND+category:name:android.intent.category.DEFAULT+data:mimeType:text/plain
ADDED from src/main/AndroidManifest.xml:267:13-273:29
action#android.intent.action.SEND
ADDED from src/main/AndroidManifest.xml:268:17-69
	android:name
		ADDED from src/main/AndroidManifest.xml:268:25-66
intent-filter#action:name:android.intent.action.SEND+category:name:android.intent.category.DEFAULT+data:mimeType:application/json
ADDED from src/main/AndroidManifest.xml:274:13-280:29
intent-filter#action:name:android.intent.action.SEND_MULTIPLE+category:name:android.intent.category.DEFAULT+data:mimeType:application/json
ADDED from src/main/AndroidManifest.xml:281:13-287:29
action#android.intent.action.SEND_MULTIPLE
ADDED from src/main/AndroidManifest.xml:282:17-78
	android:name